2012-03-04T17:42:32 Checking update-file '/usr/share/apps/kconf_update/kwinupdatewindowsettings.upd' for new updates
2012-03-04T17:42:32 kwinupdatewindowsettings.upd: Found new update 'kde33b1'
2012-03-04T17:42:32 kwinupdatewindowsettings.upd: Running script 'kwin_update_window_settings'
2012-03-04T17:42:32 [Script] QDBusConnection: session D-Bus connection created before QCoreApplication. Application may misbehave.
2012-03-04T17:42:32 Checking update-file '/usr/share/apps/kconf_update/krdb_libpathwipe.upd' for new updates
2012-03-04T17:42:32 krdb_libpathwipe.upd: Found new update 'LibraryPathWipeOut'
2012-03-04T17:42:32 krdb_libpathwipe.upd: Running script 'krdb_clearlibrarypath'
2012-03-04T17:42:32 Checking update-file '/usr/share/apps/kconf_update/kwiniconify.upd' for new updates
2012-03-04T17:42:32 kwiniconify.upd: Found new update 'iconifyupd3.1'
2012-03-04T17:42:32 kwiniconify.upd: File 'kwin.eventsrc' does not exist or empty, skipping
2012-03-04T17:42:32 Checking update-file '/usr/share/apps/kconf_update/kwin_remove_delay_focus.upd' for new updates
2012-03-04T17:42:32 kwin_remove_delay_focus.upd: Found new update 'Kwin-4.8'
2012-03-04T17:42:32 kwin_remove_delay_focus.upd: Running script 'kwin_remove_delay_focus.sh'
2012-03-04T17:42:32 Checking update-file '/usr/share/apps/kconf_update/favicons.upd' for new updates
2012-03-04T17:42:32 favicons.upd: Found new update 'kde3_2'
2012-03-04T17:42:32 favicons.upd: Running script 'move_favicons.sh'
2012-03-04T17:42:32 Checking update-file '/usr/share/apps/kconf_update/plasma-to-plasmadesktop-shortcuts.upd' for new updates
2012-03-04T17:42:32 plasma-to-plasmadesktop-shortcuts.upd: Found new update '4.3plasma-desktop-shortcuts'
2012-03-04T17:42:32 plasma-to-plasmadesktop-shortcuts.upd: File 'kglobalshortcutsrc' does not exist or empty, skipping
2012-03-04T17:42:32 Checking update-file '/usr/share/apps/kconf_update/ksmserver_shortcuts.upd' for new updates
2012-03-04T17:42:32 ksmserver_shortcuts.upd: Found new update 'kde45'
2012-03-04T17:42:32 ksmserver_shortcuts.upd: File 'kglobalshortcutsrc' does not exist or empty, skipping
2012-03-04T17:42:32 Checking update-file '/usr/share/apps/kconf_update/ksslcertificatemanager.upd' for new updates
2012-03-04T17:42:32 ksslcertificatemanager.upd: Found new update 'kde4.2'
2012-03-04T17:42:32 ksslcertificatemanager.upd: Running script 'ksslcertificatemanager.upd.sh'
2012-03-04T17:42:32 [Script] rm: cannot remove `/home/archme/.kde4//share/config/ksslcertificatemanager': No such file or directory
2012-03-04T17:42:32 ksslcertificatemanager.upd: !! An error occurred while running 'sh /usr/share/apps/kconf_update/ksslcertificatemanager.upd.sh'
2012-03-04T17:42:32 Checking update-file '/usr/share/apps/kconf_update/kwin_focus2.upd' for new updates
2012-03-04T17:42:32 kwin_focus2.upd: Found new update 'kwin_focus2'
2012-03-04T17:42:32 kwin_focus2.upd: File 'kwinrc' does not exist or empty, skipping
2012-03-04T17:42:32 Checking update-file '/usr/share/apps/kconf_update/plasmarc-to-plasmadesktoprc.upd' for new updates
2012-03-04T17:42:32 plasmarc-to-plasmadesktoprc.upd: Found new update '4.3plasma-desktop'
2012-03-04T17:42:32 plasmarc-to-plasmadesktoprc.upd: Running script 'plasma-to-plasma-desktop'
2012-03-04T17:42:32 Checking update-file '/usr/share/apps/kconf_update/kwin_update_tabbox_settings.upd' for new updates
2012-03-04T17:42:32 kwin_update_tabbox_settings.upd: Found new update 'Kwin-4.4'
2012-03-04T17:42:32 kwin_update_tabbox_settings.upd: Running script 'kwin_update_tabbox_settings'
2012-03-04T17:42:32 [Script] QDBusConnection: session D-Bus connection created before QCoreApplication. Application may misbehave.
2012-03-04T17:42:32 Checking update-file '/usr/share/apps/kconf_update/kwin_focus1.upd' for new updates
2012-03-04T17:42:32 kwin_focus1.upd: Found new update 'kwin_focus1'
2012-03-04T17:42:32 kwin_focus1.upd: Running script 'kwin_focus1.sh'
2012-03-04T17:42:32 Checking update-file '/usr/share/apps/kconf_update/kwin.upd' for new updates
2012-03-04T17:42:32 kwin.upd: Found new update 'kde3.0r1'
2012-03-04T17:42:32 kwin.upd: Running script 'pluginlibFix.pl'
2012-03-04T17:42:32 kwin.upd: Found new update 'kde3.2Xinerama'
2012-03-04T17:42:32 kwin.upd: Updating kdeglobals:Windows:XineramaEnabled to ''
2012-03-04T17:42:32 kwin.upd: Removing kwinrc:Windows:XineramaEnabled, moved.
2012-03-04T17:42:32 kwin.upd: Updating kdeglobals:Windows:XineramaMovementEnabled to ''
2012-03-04T17:42:32 kwin.upd: Removing kwinrc:Windows:XineramaMovementEnabled, moved.
2012-03-04T17:42:32 kwin.upd: Updating kdeglobals:Windows:XineramaPlacementEnabled to ''
2012-03-04T17:42:32 kwin.upd: Removing kwinrc:Windows:XineramaPlacementEnabled, moved.
2012-03-04T17:42:32 kwin.upd: Updating kdeglobals:Windows:XineramaMaximizeEnabled to ''
2012-03-04T17:42:32 kwin.upd: Removing kwinrc:Windows:XineramaMaximizeEnabled, moved.
2012-03-04T17:42:32 Checking update-file '/usr/share/apps/kconf_update/kded.upd' for new updates
2012-03-04T17:42:32 kded.upd: Found new update 'kde3.0'
2012-03-04T17:42:32 kded.upd: File 'kdedrc' does not exist or empty, skipping
2012-03-04T17:42:32 Checking update-file '/usr/share/apps/kconf_update/kioslave.upd' for new updates
2012-03-04T17:42:32 kioslave.upd: Found new update 'kde2.2/r1'
2012-03-04T17:42:32 kioslave.upd: File 'kioslaverc' does not exist or empty, skipping
2012-03-04T17:42:32 kioslave.upd: Skipping update 'kde2.2/r1'
2012-03-04T17:42:32 kioslave.upd: File 'kioslaverc' does not exist or empty, skipping
2012-03-04T17:42:32 kioslave.upd: Found new update 'kde2.2/r2'
2012-03-04T17:42:32 kioslave.upd: File 'kioslaverc' does not exist or empty, skipping
2012-03-04T17:42:32 kioslave.upd: Found new update 'kde2.2/r3'
2012-03-04T17:42:32 kioslave.upd: File 'kioslaverc' does not exist or empty, skipping
2012-03-04T17:42:32 Checking update-file '/usr/share/apps/kconf_update/mailtransports.upd' for new updates
2012-03-04T17:42:32 mailtransports.upd: Found new update 'initial-kmail-migration'
2012-03-04T17:42:32 mailtransports.upd: File 'kmailrc' does not exist or empty, skipping
2012-03-04T17:42:32 mailtransports.upd: Found new update 'initial-knode-migration'
2012-03-04T17:42:32 mailtransports.upd: File 'knoderc' does not exist or empty, skipping
2012-03-04T17:42:32 Checking update-file '/usr/share/apps/kconf_update/kwin_fsp_workarounds_1.upd' for new updates
2012-03-04T17:42:32 kwin_fsp_workarounds_1.upd: Found new update 'kde351'
2012-03-04T17:42:32 kwin_fsp_workarounds_1.upd: Running script 'kwin_update_default_rules' with arguments 'fsp_workarounds_1.kwinrules'
2012-03-04T17:42:32 [Script] QDBusConnection: session D-Bus connection created before QCoreApplication. Application may misbehave.
2012-03-04T17:42:32 Checking update-file '/usr/share/apps/kconf_update/kwin_on_off.upd' for new updates
2012-03-04T17:42:32 kwin_on_off.upd: Found new update 'kwin_on_off'
2012-03-04T17:42:32 kwin_on_off.upd: Running script 'on-off_to_true-false.sh'
2012-03-04T17:42:32 Checking update-file '/usr/share/apps/kconf_update/kwin3_plugin.upd' for new updates
2012-03-04T17:42:32 kwin3_plugin.upd: Found new update 'kde3.2'
2012-03-04T17:42:32 kwin3_plugin.upd: Running script 'kwin3_plugin.pl'
2012-03-04T17:42:32 Checking update-file '/usr/share/apps/kconf_update/kaccel.upd' for new updates
2012-03-04T17:42:32 kaccel.upd: Found new update 'kde3.3/r1'
2012-03-04T17:42:32 kaccel.upd: Running script 'convertShortcuts.pl'
2012-03-04T17:42:32 Checking update-file '/usr/share/apps/kconf_update/devicepreference.upd' for new updates
2012-03-04T17:42:32 devicepreference.upd: Found new update 'DevicesMovedToPlatformPlugin'
2012-03-04T17:42:32 devicepreference.upd: Running script 'phonon_devicepreference_update'
2012-03-04T17:42:32 devicepreference.upd: Found new update 'DevicesUIDsChanged'
2012-03-04T17:42:32 devicepreference.upd: Running script 'phonon_deviceuids_update'
2012-03-04T17:42:32 Checking update-file '/usr/share/apps/kconf_update/mouse_cursor_theme.upd' for new updates
2012-03-04T17:42:32 mouse_cursor_theme.upd: Found new update 'kde3.4.99'
2012-03-04T17:42:32 mouse_cursor_theme.upd: Updating kcminputrc:Mouse:cursorTheme to ''
2012-03-04T17:42:32 mouse_cursor_theme.upd: Removing kdeglobals:KDE:cursorTheme, moved.
2012-03-04T17:42:32 Checking update-file '/usr/share/apps/kconf_update/ksmserver.upd' for new updates
2012-03-04T17:42:32 ksmserver.upd: Found new update 'kde3'
2012-03-04T17:42:32 ksmserver.upd: File 'ksmserverrc' does not exist or empty, skipping
2012-03-04T17:42:32 Checking update-file '/usr/share/apps/kconf_update/kuriikwsfilter.upd' for new updates
2012-03-04T17:42:32 kuriikwsfilter.upd: Found new update 'post-kde3.1/cvs'
2012-03-04T17:42:32 kuriikwsfilter.upd: File 'kuriikwsfilterrc' does not exist or empty, skipping
2012-03-04T17:42:32 Checking update-file '/usr/share/apps/kconf_update/kio_help.upd' for new updates
2012-03-04T17:42:32 kio_help.upd: Found new update 'kde3_2'
2012-03-04T17:42:32 kio_help.upd: Running script 'move_kio_help_cache.sh'
2012-03-04T17:42:32 [Script] mv: cannot stat `/home/archme/.kde4/share/apps/kio_help/cache': No such file or directory
2012-03-04T17:42:32 [Script] rmdir: failed to remove `/home/archme/.kde4/share/apps/kio_help': No such file or directory
2012-03-04T17:42:32 Checking update-file '/usr/share/apps/kconf_update/kwin_window_shortcuts.upd' for new updates
2012-03-04T17:42:32 kwin_window_shortcuts.upd: Found new update 'kde414'
2012-03-04T17:42:32 kwin_window_shortcuts.upd: File 'kglobalshortcutsrc' does not exist or empty, skipping
2012-03-04T17:42:32 Checking update-file '/usr/share/apps/kconf_update/kwin_remove_effects.upd' for new updates
2012-03-04T17:42:32 kwin_remove_effects.upd: Found new update 'kwin4.7_effects'
2012-03-04T17:42:32 Checking update-file '/usr/share/apps/kconf_update/klipper-kconfigxt.upd' for new updates
2012-03-04T17:42:32 klipper-kconfigxt.upd: Found new update 'KlipperNoSpacesInKeyNames'
2012-03-04T17:42:32 klipper-kconfigxt.upd: File 'klipperrc' does not exist or empty, skipping
2012-03-04T17:42:32 Checking update-file '/usr/share/apps/kconf_update/kcookiescfg.upd' for new updates
2012-03-04T17:42:32 kcookiescfg.upd: Found new update 'kde2.2/b1'
2012-03-04T17:42:32 kcookiescfg.upd: File 'kcookiejarrc' does not exist or empty, skipping
2012-03-04T17:42:32 kcookiescfg.upd: Found new update 'kde3.1/cvs'
2012-03-04T17:42:32 kcookiescfg.upd: File 'kcookiejarrc' does not exist or empty, skipping
2012-03-04T17:42:32 Checking update-file '/usr/share/apps/kconf_update/kcmdisplayrc.upd' for new updates
2012-03-04T17:42:32 kcmdisplayrc.upd: Found new update 'kde3'
2012-03-04T17:42:32 kcmdisplayrc.upd: File 'kcmdisplayrc' does not exist or empty, skipping
2012-03-04T17:42:32 Checking update-file '/usr/share/apps/kconf_update/kwin_update_tabbox_qml_settings.upd' for new updates
2012-03-04T17:42:32 kwin_update_tabbox_qml_settings.upd: Found new update 'Kwin-4.8'
2012-03-04T17:42:32 kwin_update_tabbox_qml_settings.upd: Running script 'kwin_update_tabbox_qml_settings'
2012-03-04T17:42:32 [Script] QDBusConnection: session D-Bus connection created before QCoreApplication. Application may misbehave.
2012-03-04T17:42:32 Checking update-file '/usr/share/apps/kconf_update/kwinsticky.upd' for new updates
2012-03-04T17:42:32 kwinsticky.upd: Found new update 'stickyupd3.1'
2012-03-04T17:42:32 kwinsticky.upd: File 'kwin.eventsrc' does not exist or empty, skipping
2012-03-04T17:42:32 Checking update-file '/usr/share/apps/kconf_update/plasma-add-shortcut-to-menu.upd' for new updates
2012-03-04T17:42:32 plasma-add-shortcut-to-menu.upd: Found new update '4.1LauncherShortcut'
2012-03-04T17:42:32 plasma-add-shortcut-to-menu.upd:2:'Script=plasma-add-shortcut-to-menu-update': Script 'plasma-add-shortcut-to-menu-update' not found
2012-03-04T17:42:32 Checking update-file '/usr/share/apps/kconf_update/kfmclient_3_2.upd' for new updates
2012-03-04T17:42:32 kfmclient_3_2.upd: Found new update 'kfmclient_3_2'
2012-03-04T17:42:32 kfmclient_3_2.upd: File 'kfmclientrc' does not exist or empty, skipping
